[2018-11-13 09:54:59,116]   INFO -  jetbrains.buildServer.STARTUP - Path to the startup configuration file: /opt/teamcity/bin/../conf/teamcity-startup.properties 
[2018-11-13 09:54:59,215]   INFO -  jetbrains.buildServer.STARTUP - 





 
[2018-11-13 09:54:59,217]   INFO -  jetbrains.buildServer.STARTUP - =========================================================== 
[2018-11-13 09:54:59,217]   INFO -  jetbrains.buildServer.STARTUP - Starting TeamCity server 
[2018-11-13 09:54:59,758]   INFO -  jetbrains.buildServer.STARTUP - TeamCity version: 2017.2.4 (build 51228), data format version 829 
[2018-11-13 09:54:59,779]   INFO -  jetbrains.buildServer.STARTUP - OS: Linux, version 4.9.93-linuxkit-aufs, amd64, Current user: root, Time zone: UTC 
[2018-11-13 09:54:59,781]   INFO -  jetbrains.buildServer.STARTUP - Java: 1.8.0_161, Java HotSpot(TM) 64-Bit Server VM (25.161-b12, mixed mode), Java(TM) SE Runtime Environment (1.8.0_161-b12), Oracle Corporation; JVM parameters: -Djava.util.logging.config.file=/opt/teamcity/conf/logging.properties -Djava.util.logging.manager=org.apache.juli.ClassLoaderLogManager -Djdk.tls.ephemeralDHKeySize=2048 -Djava.protocol.handler.pkgs=org.apache.catalina.webresources -Xmx512m -Dteamcity.configuration.path=../conf/teamcity-startup.properties -Dlog4j.configuration=file:/opt/teamcity/bin/../conf/teamcity-server-log4j.xml -Dteamcity_logs=/opt/teamcity/bin/../logs -Djava.awt.headless=true -Dcatalina.base=/opt/teamcity -Dcatalina.home=/opt/teamcity -Djava.io.tmpdir=/opt/teamcity/temp 
[2018-11-13 09:54:59,783]   INFO -  jetbrains.buildServer.STARTUP - Garbage collection: PS Scavenge, PS MarkSweep 
[2018-11-13 09:54:59,785]   INFO -  jetbrains.buildServer.STARTUP - Web server version: Apache Tomcat/8.5.23 
[2018-11-13 09:54:59,787]   INFO -  jetbrains.buildServer.STARTUP - Server IP address: 172.18.0.3 
[2018-11-13 09:54:59,801]   INFO -  jetbrains.buildServer.STARTUP - Web server ports: 8111 (protocol: HTTP/1.1, scheme: http), 8105 (shutdown port) 
[2018-11-13 09:54:59,802]   INFO -  jetbrains.buildServer.STARTUP - Context path: "/", servlet real path: "/opt/teamcity/webapps/ROOT" 
[2018-11-13 09:54:59,812]   INFO -  jetbrains.buildServer.STARTUP - TeamCity distribution type: docker 
[2018-11-13 09:54:59,813]   INFO -  jetbrains.buildServer.STARTUP - TeamCity server work mode: Main TeamCity Server 
[2018-11-13 09:54:59,827]   INFO -  jetbrains.buildServer.STARTUP - Version file lock was successfully obtained: /opt/teamcity/webapps/ROOT/BUILD_51228 
[2018-11-13 09:54:59,845]   INFO -  jetbrains.buildServer.STARTUP - Current stage: Looking for the TeamCity Data Directory 
[2018-11-13 09:54:59,849]   INFO -  jetbrains.buildServer.STARTUP - The TeamCity Data Directory path is determined using the environment variable TEAMCITY_DATA_PATH 
[2018-11-13 09:54:59,857]   INFO -  jetbrains.buildServer.STARTUP - The TeamCity Data Directory "/data/teamcity_server/datadir" exists 
[2018-11-13 09:54:59,867]   INFO -  jetbrains.buildServer.STARTUP - Asking user to confirm first start with the predefined TeamCity Data Directory path 
[2018-11-13 09:54:59,887]   INFO -  jetbrains.buildServer.STARTUP - Startup confirmation is required. Open TeamCity web page in the browser. Server is running at http://localhost:8111 
[2018-11-13 09:54:59,903]   INFO -  jetbrains.buildServer.STARTUP - Current stage: Confirming TeamCity first start (administrator login is required to proceed) 
[2018-11-13 09:55:45,493]   INFO -  jetbrains.buildServer.STARTUP - Path to the startup configuration file: /opt/teamcity/bin/../conf/teamcity-startup.properties 
[2018-11-13 09:55:45,649]   INFO -  jetbrains.buildServer.STARTUP - 





 
[2018-11-13 09:55:45,651]   INFO -  jetbrains.buildServer.STARTUP - =========================================================== 
[2018-11-13 09:55:45,652]   INFO -  jetbrains.buildServer.STARTUP - Starting TeamCity server 
[2018-11-13 09:55:46,507]   INFO -  jetbrains.buildServer.STARTUP - TeamCity version: 2017.2.4 (build 51228), data format version 829 
[2018-11-13 09:55:46,512]   INFO -  jetbrains.buildServer.STARTUP - OS: Linux, version 4.9.93-linuxkit-aufs, amd64, Current user: root, Time zone: UTC 
[2018-11-13 09:55:46,513]   INFO -  jetbrains.buildServer.STARTUP - Java: 1.8.0_161, Java HotSpot(TM) 64-Bit Server VM (25.161-b12, mixed mode), Java(TM) SE Runtime Environment (1.8.0_161-b12), Oracle Corporation; JVM parameters: -Djava.util.logging.config.file=/opt/teamcity/conf/logging.properties -Djava.util.logging.manager=org.apache.juli.ClassLoaderLogManager -Djdk.tls.ephemeralDHKeySize=2048 -Djava.protocol.handler.pkgs=org.apache.catalina.webresources -Xmx512m -Dteamcity.configuration.path=../conf/teamcity-startup.properties -Dlog4j.configuration=file:/opt/teamcity/bin/../conf/teamcity-server-log4j.xml -Dteamcity_logs=/opt/teamcity/bin/../logs -Djava.awt.headless=true -Dcatalina.base=/opt/teamcity -Dcatalina.home=/opt/teamcity -Djava.io.tmpdir=/opt/teamcity/temp 
[2018-11-13 09:55:46,514]   INFO -  jetbrains.buildServer.STARTUP - Garbage collection: PS Scavenge, PS MarkSweep 
[2018-11-13 09:55:46,514]   INFO -  jetbrains.buildServer.STARTUP - Web server version: Apache Tomcat/8.5.23 
[2018-11-13 09:55:46,515]   INFO -  jetbrains.buildServer.STARTUP - Server IP address: 172.19.0.3 
[2018-11-13 09:55:46,525]   INFO -  jetbrains.buildServer.STARTUP - Web server ports: 8111 (protocol: HTTP/1.1, scheme: http), 8105 (shutdown port) 
[2018-11-13 09:55:46,525]   INFO -  jetbrains.buildServer.STARTUP - Context path: "/", servlet real path: "/opt/teamcity/webapps/ROOT" 
[2018-11-13 09:55:46,528]   INFO -  jetbrains.buildServer.STARTUP - TeamCity distribution type: docker 
[2018-11-13 09:55:46,529]   INFO -  jetbrains.buildServer.STARTUP - TeamCity server work mode: Main TeamCity Server 
[2018-11-13 09:55:46,537]   INFO -  jetbrains.buildServer.STARTUP - Version file lock was successfully obtained: /opt/teamcity/webapps/ROOT/BUILD_51228 
[2018-11-13 09:55:46,579]   INFO -  jetbrains.buildServer.STARTUP - Current stage: Looking for the TeamCity Data Directory 
[2018-11-13 09:55:46,579]   INFO -  jetbrains.buildServer.STARTUP - The TeamCity Data Directory path is determined using the environment variable TEAMCITY_DATA_PATH 
[2018-11-13 09:55:46,613]   INFO -  jetbrains.buildServer.STARTUP - The TeamCity Data Directory "/data/teamcity_server/datadir" exists 
[2018-11-13 09:55:46,613]   INFO -  jetbrains.buildServer.STARTUP - Asking user to confirm first start with the predefined TeamCity Data Directory path 
[2018-11-13 09:55:46,642]   INFO -  jetbrains.buildServer.STARTUP - Startup confirmation is required. Open TeamCity web page in the browser. Server is running at http://localhost:8111 
[2018-11-13 09:55:46,643]   INFO -  jetbrains.buildServer.STARTUP - Current stage: Confirming TeamCity first start (administrator login is required to proceed) 
[2018-11-13 09:57:21,591]   INFO -  jetbrains.buildServer.STARTUP - Current stage: Initializing the TeamCity Data Directory 
[2018-11-13 09:57:22,280]   INFO -  jetbrains.buildServer.STARTUP - Current stage: Setting up database connection (administrator login is required to proceed) 
[2018-11-13 09:57:31,060]   INFO -  jetbrains.buildServer.STARTUP - Generated JDBC connection string: jdbc:hsqldb:file:$TEAMCITY_SYSTEM_PATH/buildserver 
[2018-11-13 09:57:31,061]   INFO -  jetbrains.buildServer.STARTUP - Current stage: Creating a new database 
[2018-11-13 09:57:31,061]   INFO -  jetbrains.buildServer.STARTUP - Creating a new database 
[2018-11-13 09:57:31,975]   INFO -  jetbrains.buildServer.STARTUP - JDBC driver version: 2.3 (HSQL Database Engine Driver) 
[2018-11-13 09:57:31,975]   INFO -  jetbrains.buildServer.STARTUP - Database system version: 2.3.2 (HSQL Database Engine) 
[2018-11-13 09:57:31,976]   INFO -  jetbrains.buildServer.STARTUP - Connected to the database successfully 
[2018-11-13 09:57:32,008]   INFO -  jetbrains.buildServer.STARTUP - Using schema: PUBLIC 
[2018-11-13 09:57:32,011]   INFO -  jetbrains.buildServer.STARTUP - Schema contains no tables. 
[2018-11-13 09:57:32,012]   INFO -  jetbrains.buildServer.STARTUP - Creating database schema 
[2018-11-13 09:57:32,404]   INFO -  jetbrains.buildServer.STARTUP - Using schema: PUBLIC 
[2018-11-13 09:57:32,408]   INFO -  jetbrains.buildServer.STARTUP - Schema contains 137 tables. 
[2018-11-13 09:57:32,409]   INFO -  jetbrains.buildServer.STARTUP - Database version is 829 
[2018-11-13 09:57:32,443]   INFO -  jetbrains.buildServer.STARTUP - Created a new database.properties file with settings specified from Web UI. 
[2018-11-13 09:57:32,443]   INFO -  jetbrains.buildServer.STARTUP - Current stage: Initializing TeamCity server components 
[2018-11-13 09:57:33,186]   INFO -  jetbrains.buildServer.STARTUP - Starting the main application 
[2018-11-13 09:57:33,285]   INFO - ebDispatcherApplicationContext - Refreshing jetbrains.buildServer.maintenance.WebDispatcherApplicationContext@102d0ed1: startup date [Tue Nov 13 09:57:33 UTC 2018]; root of context hierarchy 
[2018-11-13 09:57:33,390]   INFO - MainTeamCityApplicationContext - Refreshing WebApplicationContext for namespace 'buildServer-servlet': startup date [Tue Nov 13 09:57:33 UTC 2018]; parent: jetbrains.buildServer.maintenance.WebDispatcherApplicationContext@102d0ed1 
[2018-11-13 09:57:39,801]   INFO -   jetbrains.buildServer.SERVER - Loading test names index from database... 
[2018-11-13 09:57:39,828]   INFO -   jetbrains.buildServer.SERVER - Finished loading test names index 
[2018-11-13 09:57:39,945]   INFO -   jetbrains.buildServer.SERVER - Build history cache size is set to 10000 entries 
[2018-11-13 09:57:41,023]   INFO -   jetbrains.buildServer.SERVER - Loading history of VCS changes... 
[2018-11-13 09:57:41,068]   INFO -   jetbrains.buildServer.SERVER - Done loading history of VCS changes: 0 changes loaded in 43ms 
[2018-11-13 09:57:41,363]   INFO -   jetbrains.buildServer.SERVER - Start initializing build durations cache... 
[2018-11-13 09:57:41,368]   INFO -   jetbrains.buildServer.SERVER - Finished initializing build durations cache, time spent: 5 ms 
[2018-11-13 09:57:44,188]   INFO -   jetbrains.buildServer.SERVER - Loading roles from the configuration file: /data/teamcity_server/datadir/config/roles-config.xml 
[2018-11-13 09:57:45,260]   WARN -   jetbrains.buildServer.UPDATE - Auto update is disabled: not supported for the 'docker' distribution. 
[2018-11-13 09:57:47,104]   INFO -   jetbrains.buildServer.SERVER - Applying memory thresholds for Memory Usage Monitor: storing 100 last measurements; time between measurements: 3000ms. Thresholds: {TC_TOTAL_MEMORY_USAGE_KEY=90.0, PS Old Gen=90.0} 
[2018-11-13 09:57:48,518]   WARN - anges.PublishChangesController - Current server settings do not require authorization for personal patches uploads. To improve server's security, make sure all users update their IDE plugins to the latest and set internal property teamcity.uploadPersonalPatch.requireAuthorization=true (requires server restart) which enforces authorization check on patch uploads. 
[2018-11-13 09:57:53,788]   INFO - til.ChildSpringContextLoader$1 - Refreshing jetbrains.buildServer.util.ChildSpringContextLoader$1@1ed0f67a: startup date [Tue Nov 13 09:57:53 UTC 2018]; parent: WebApplicationContext for namespace 'buildServer-servlet' 
[2018-11-13 09:57:53,900]   INFO -  jetbrains.buildServer.STARTUP - TeamCity Spring context contains 1410 beans 
[2018-11-13 09:57:55,374]   INFO -  jetbrains.buildServer.STARTUP - TeamCity Spring context created in: 22003 ms 
[2018-11-13 09:57:55,625]   INFO -   jetbrains.buildServer.SERVER - Root project configuration files created 
[2018-11-13 09:57:56,226]   INFO - rver.plugins.PluginManagerImpl - =========================================================== 
[2018-11-13 09:57:56,226]   INFO - rver.plugins.PluginManagerImpl - Plugins initialization started... 
[2018-11-13 09:57:56,240]   INFO - rver.plugins.PluginManagerImpl - Scanning plugins folders 
[2018-11-13 09:57:56,245]   INFO - .plugins.files.JarSearcherBase - Scanning plugin folder: /opt/teamcity/webapps/ROOT/WEB-INF/plugins 
[2018-11-13 09:57:56,247]   INFO - ins.files.ServerPluginUnpacker - Unpacking zipped plugins from /opt/teamcity/webapps/ROOT/WEB-INF/plugins  to /opt/teamcity/webapps/ROOT/WEB-INF/plugins/.unpacked 
[2018-11-13 09:57:57,235]   INFO -   jetbrains.buildServer.SERVER - Start pre-compiling JSP files... 
[2018-11-13 09:58:02,040]   INFO - .plugins.files.JarSearcherBase - Scanning plugin folder: /data/teamcity_server/datadir/plugins 
[2018-11-13 09:58:02,092]   INFO - rver.plugins.PluginManagerImpl - Found 91 bundled plugins: [agent-system-info (ver:51228), agent.push (ver:51228), Ant (ver:51228), ant-net-tasks (ver:51228), Apache Ant (ver:51228), artifactsSizeStatistics (ver:51228), bugzilla (ver:51228), buildDurationStatisticsPlugin (ver:51228), clearcase (ver:51228), cloud-amazon (ver:51228), commandLineRunner (ver:51228), commit-status-publisher (ver:51228), configs-dsl (ver:51228), coverage (ver:51228), cvs (ver:51228), data-dir-browse (ver:51228), deploy-runner (ver:51228), docker-support (ver:51228), dotnet-tools (ver:51228), dotnet.cli (ver:51228), dotNetRunners (ver:51228), Duplicator (ver:51228), eclipse-plugin-distributor (ver:51228), email (ver:51228), environment-fetcher (ver:51228), feed (ver:51228), file-content-replacer (ver:51228), flaky-test-detector (ver:51228), FxCop (ver:51228), gant-tool (ver:51228), GAntRunner (ver:51228), gradle-runner (ver:51228), idea-tool (ver:51228), Inspection (ver:51228), intellij-plugin-distributor (ver:51228), Ipr (ver:51228), jabber (ver:51228), Java Crashed detector (ver:51228), java-dowser (ver:51228), jetbrains.git (ver:51228), jira (ver:51228), jps-tool (ver:51228), jvm-update (ver:51228), ldap (ver:51228), Maven2 (ver:51228), mercurial (ver:51228), metarunner (ver:51228), nt-domain-login (ver:51228), nuget (ver:51228), perfmon (ver:51228), perforce (ver:51228), powershell-runner (ver:51228), priority-queue (ver:51228), queue-pauser (ver:51228), rake-runner (ver:51228), remoteAccess (ver:51228), reset-password (ver:51228), rest-api (ver:51228), rest-api-2017.1 (ver:51228), rest-api-6.0 (ver:51228), rest-api-7.0 (ver:51228), rest-api-8.1 (ver:51228), rest-api-9.0 (ver:51228), rest-api-9.1 (ver:51228), rest-api-contrib (ver:51228), rest-api-contrib-2017.1 (ver:51228), rest-api-contrib-9.0 (ver:51228), rest-api-contrib-9.1 (ver:51228), sbt-runner (ver:51228), searchBuildByNumber (ver:51228), ssh-manager (ver:51228), stacktraces (ver:51228), starteam (ver:51228), svn (ver:51228), swabra (ver:51228), TeamCity.BitBucketIssues (ver:51228), TeamCity.GitHubIssues (ver:51228), TeamCity.SharedResources (ver:51228), tfs (ver:51228), unified-ui (ver:51228), usage-statistics (ver:51228), vault-vcs (ver:51228), visualstudiotest (ver:51228), vs-addin-distributor (ver:51228), vsphere (ver:51228), vss (ver:51228), WindowsTray (ver:51228), WindowsTray-distributor (ver:51228), xcode-runner (ver:51228), xml-report-plugin (ver:51228), youtrack (ver:51228)] 
[2018-11-13 09:58:02,339]   INFO - rver.plugins.PluginsCollection - Load shared classloader for 32 plugins [Ant, ant-net-tasks, Apache Ant, artifactsSizeStatistics, buildDurationStatisticsPlugin, clearcase, commandLineRunner, coverage, cvs, email, environment-fetcher, feed, gant-tool, GAntRunner, gradle-runner, intellij-plugin-distributor, Ipr, jabber, Java Crashed detector, jps-tool, ldap, perfmon, priority-queue, remoteAccess, sbt-runner, searchBuildByNumber, stacktraces, starteam, swabra, WindowsTray, xml-report-plugin, youtrack] 
[2018-11-13 09:58:02,424]   INFO - rver.plugins.PluginsCollection - Load standalone classloaders for 59 plugins [agent-system-info, agent.push, bugzilla, cloud-amazon, commit-status-publisher, configs-dsl, data-dir-browse, deploy-runner, docker-support, dotnet-tools, dotnet.cli, dotNetRunners, Duplicator, eclipse-plugin-distributor, file-content-replacer, flaky-test-detector, FxCop, idea-tool, Inspection, java-dowser, jetbrains.git, jira, jvm-update, Maven2, mercurial, metarunner, nt-domain-login, nuget, perforce, powershell-runner, queue-pauser, rake-runner, reset-password, rest-api, rest-api-2017.1, rest-api-6.0, rest-api-7.0, rest-api-8.1, rest-api-9.0, rest-api-9.1, rest-api-contrib, rest-api-contrib-2017.1, rest-api-contrib-9.0, rest-api-contrib-9.1, ssh-manager, svn, TeamCity.BitBucketIssues, TeamCity.GitHubIssues, TeamCity.SharedResources, tfs, unified-ui, usage-statistics, vault-vcs, visualstudiotest, vs-addin-distributor, vsphere, vss, WindowsTray-distributor, xcode-runner] 
[2018-11-13 09:58:13,405]   INFO - e.RemoteMavenServerManagerImpl - Starting external maven service 
[2018-11-13 09:58:15,003]   INFO - e.RemoteMavenServerManagerImpl - Remote server is connected. 
[2018-11-13 09:58:32,883]   INFO -   jetbrains.buildServer.SERVER - Creating new Lucene index (version.24): org.apache.lucene.store.NIOFSDirectory@/data/teamcity_server/datadir/system/caches/search lockFactory=org.apache.lucene.store.NativeFSLockFactory@63998aec 
[2018-11-13 09:58:36,979]   INFO - rver.plugins.PluginManagerImpl - Plugins initialization completed (91 plugins loaded): [agent-system-info (ver:51228), agent.push (ver:51228), Ant (ver:51228), ant-net-tasks (ver:51228), Apache Ant (ver:51228), artifactsSizeStatistics (ver:51228), bugzilla (ver:51228), buildDurationStatisticsPlugin (ver:51228), clearcase (ver:51228), cloud-amazon (ver:51228), commandLineRunner (ver:51228), commit-status-publisher (ver:51228), configs-dsl (ver:51228), coverage (ver:51228), cvs (ver:51228), data-dir-browse (ver:51228), deploy-runner (ver:51228), docker-support (ver:51228), dotnet-tools (ver:51228), dotnet.cli (ver:51228), dotNetRunners (ver:51228), Duplicator (ver:51228), eclipse-plugin-distributor (ver:51228), email (ver:51228), environment-fetcher (ver:51228), feed (ver:51228), file-content-replacer (ver:51228), flaky-test-detector (ver:51228), FxCop (ver:51228), gant-tool (ver:51228), GAntRunner (ver:51228), gradle-runner (ver:51228), idea-tool (ver:51228), Inspection (ver:51228), intellij-plugin-distributor (ver:51228), Ipr (ver:51228), jabber (ver:51228), Java Crashed detector (ver:51228), java-dowser (ver:51228), jetbrains.git (ver:51228), jira (ver:51228), jps-tool (ver:51228), jvm-update (ver:51228), ldap (ver:51228), Maven2 (ver:51228), mercurial (ver:51228), metarunner (ver:51228), nt-domain-login (ver:51228), nuget (ver:51228), perfmon (ver:51228), perforce (ver:51228), powershell-runner (ver:51228), priority-queue (ver:51228), queue-pauser (ver:51228), rake-runner (ver:51228), remoteAccess (ver:51228), reset-password (ver:51228), rest-api (ver:51228), rest-api-2017.1 (ver:51228), rest-api-6.0 (ver:51228), rest-api-7.0 (ver:51228), rest-api-8.1 (ver:51228), rest-api-9.0 (ver:51228), rest-api-9.1 (ver:51228), rest-api-contrib (ver:51228), rest-api-contrib-2017.1 (ver:51228), rest-api-contrib-9.0 (ver:51228), rest-api-contrib-9.1 (ver:51228), sbt-runner (ver:51228), searchBuildByNumber (ver:51228), ssh-manager (ver:51228), stacktraces (ver:51228), starteam (ver:51228), svn (ver:51228), swabra (ver:51228), TeamCity.BitBucketIssues (ver:51228), TeamCity.GitHubIssues (ver:51228), TeamCity.SharedResources (ver:51228), tfs (ver:51228), unified-ui (ver:51228), usage-statistics (ver:51228), vault-vcs (ver:51228), visualstudiotest (ver:51228), vs-addin-distributor (ver:51228), vsphere (ver:51228), vss (ver:51228), WindowsTray (ver:51228), WindowsTray-distributor (ver:51228), xcode-runner (ver:51228), xml-report-plugin (ver:51228), youtrack (ver:51228)] 
[2018-11-13 09:58:36,984]   INFO - rver.plugins.PluginManagerImpl - =========================================================== 
[2018-11-13 09:58:36,984]   INFO -   jetbrains.buildServer.SERVER - TeamCity plugins loaded in: 40758 ms 
[2018-11-13 09:58:44,430]   INFO -   jetbrains.buildServer.SERVER - Start loading server configuration... 
[2018-11-13 09:58:44,629]   INFO -  jetbrains.buildServer.CLEANUP - Max cleanup duration is set to 0 seconds 
[2018-11-13 09:58:44,639]   INFO -  jetbrains.buildServer.CLEANUP - Cleanup time has been set to 03:00:00 daily 
[2018-11-13 09:58:44,646]   INFO -  jetbrains.buildServer.CLEANUP - Cleanup is enabled 
[2018-11-13 09:58:44,773]   INFO -   jetbrains.buildServer.SERVER - Parsing 2 configuration files... 
[2018-11-13 09:58:44,835]   INFO -   jetbrains.buildServer.SERVER - Loading data from parsed configuration files... 
[2018-11-13 09:58:45,747]   INFO -   jetbrains.buildServer.SERVER - Server configuration loaded in: 1317 ms 
[2018-11-13 09:58:45,806]   INFO - r.configs.dsl.DslPluginManager - Plugin sources are packed in 258ms 
[2018-11-13 09:59:03,037]   INFO -   jetbrains.buildServer.SERVER - TeamCity initialized, server UUID: 730b6f04-91a0-4e73-bbaf-cd3e298b6186, URL: http://localhost 
[2018-11-13 09:59:03,037]   INFO -   jetbrains.buildServer.SERVER - TeamCity is running in professional mode 
[2018-11-13 09:59:03,037]   INFO - utors.DeferringExecutorService - 0 commands sent to execution 
[2018-11-13 09:59:03,061]   INFO - utors.DeferringExecutorService - 4 commands sent to execution 
[2018-11-13 09:59:03,069]   INFO - utors.DeferringExecutorService - 3 commands sent to execution 
[2018-11-13 09:59:03,069]   INFO - utors.DeferringExecutorService - 0 commands sent to execution 
[2018-11-13 09:59:03,069]   INFO - utors.DeferringExecutorService - 0 commands sent to execution 
[2018-11-13 09:59:03,123]   INFO -   jetbrains.buildServer.SERVER - Start pre-fetching changes for 0 build configurations... 
[2018-11-13 09:59:03,136]   INFO -   jetbrains.buildServer.SERVER - Done pre-fetching changes for 0 build configurations in 12ms 
[2018-11-13 09:59:03,136]   INFO -   jetbrains.buildServer.SERVER - Start calculating branches for 0 build configurations... 
[2018-11-13 09:59:03,136]   INFO -   jetbrains.buildServer.SERVER - Done calculating branches for 0 build configurations in < 1ms 
[2018-11-13 09:59:03,136]   INFO -   jetbrains.buildServer.SERVER - Start calculating status for 0 build configurations... 
[2018-11-13 09:59:03,136]   INFO -   jetbrains.buildServer.SERVER - Done calculating branches for 0 build configurations in < 1ms 
[2018-11-13 09:59:03,136]   INFO -   jetbrains.buildServer.SERVER - Start prefetching build statistic metrics for 0 build configurations... 
[2018-11-13 09:59:03,141]   INFO -   jetbrains.buildServer.SERVER - Done prefetching build statistic metrics for 0 build configurations in 5ms 
[2018-11-13 09:59:03,606]   INFO -   jetbrains.buildServer.SERVER - Start loading cache of build committers... 
[2018-11-13 09:59:03,624]   INFO -   jetbrains.buildServer.SERVER - Done loading cache of build committers 
[2018-11-13 09:59:03,732]   INFO -   jetbrains.buildServer.SERVER - Super user authentication token: "4181381859692782041". To login as Super user use an empty username and this token as a password on the login page. 
[2018-11-13 09:59:03,774]   INFO - .agent.AgentZipVersionProvider - Build agent distribution '/opt/teamcity/webapps/ROOT/update/buildAgent.zip' state initialized. Last modified: 17.05.2018 08:40:21, size: 18714778 
[2018-11-13 09:59:03,774]   INFO -   jetbrains.buildServer.SERVER - Start loading test runs for investigations and mutes into cache... 
[2018-11-13 09:59:03,887]   INFO -   jetbrains.buildServer.SERVER - Done loading test runs. Loaded 0 tests in 112ms, cache size: 0 
[2018-11-13 09:59:03,900]   INFO -   jetbrains.buildServer.SERVER - Start loading "failed to start" build configuration errors in background 
[2018-11-13 09:59:03,900]   INFO -   jetbrains.buildServer.SERVER - Done loading "failed to start" build configuration errors: loaded 0 problems 
[2018-11-13 09:59:04,073]   INFO - ority.PriorityClassManagerImpl - Loading priority classes from the configuration file: /data/teamcity_server/datadir/config/build-queue-priorities.xml 
[2018-11-13 09:59:04,108]   INFO -   jetbrains.buildServer.SERVER - Ordering strategy changed to jetbrains.buildServer.serverSide.priority.BuildQueuePriorityOrdering 
[2018-11-13 09:59:04,239]   INFO - verSide.impl.BuildServerRunner - Start daemons 
[2018-11-13 09:59:04,316]   INFO - tbrains.buildServer.ACTIVITIES - Server Started 
[2018-11-13 09:59:04,354]   INFO -  jetbrains.buildServer.STARTUP - Startup duration: 3m:18s 
[2018-11-13 09:59:04,354]   INFO -  jetbrains.buildServer.STARTUP - Current stage: System is ready 
[2018-11-13 09:59:04,778]   INFO - .agent.AgentZipVersionProvider - Build agent distribution version is set to 51228, hash=SHA-1jwhblOGPBdnusIYJZGvkVh1ijFw= 
[2018-11-13 09:59:22,127]   INFO - nt.AgentPluginsVersionProvider - State of agent plugin packages is initialized in 17307 ms: new plugin 'JetBrains.dotCover.CommandLineTools.bundled.zip' file: '/opt/teamcity/webapps/ROOT/WEB-INF/plugins/dotNetRunners/bundled-tools/JetBrains.dotCover.CommandLineTools.bundled.zip', hash: 'SHA-1CWyqOgRZ2MayVMPXg/n4Yl373F8='; new plugin 'agentSystemInfo.zip' file: '/opt/teamcity/webapps/ROOT/WEB-INF/plugins/.unpacked/agentSystemInfo/agent/agentSystemInfo.zip', hash: 'SHA-1QdiltkvOp4oKMoBrVAwC8mfDaTY='; new plugin 'amazonEC2.zip' file: '/opt/teamcity/webapps/ROOT/WEB-INF/plugins/cloud-amazon/agent/amazonEC2.zip', hash: 'SHA-1eNom6akMj4q8iO0szTUw8/mc9ms='; new plugin 'ant-net-tasks.zip' file: '/opt/teamcity/webapps/ROOT/WEB-INF/plugins/ant-net-tasks/agent/ant-net-tasks.zip', hash: 'SHA-1VI1Y7yXF7TfGXy2KeYhwln3AzJI='; new plugin 'ant.zip' file: '/opt/teamcity/webapps/ROOT/WEB-INF/plugins/ant-tool/agent/ant.zip', hash: 'SHA-1HbxjXowtgadniJCTf3jjiurtmrk='; new plugin 'antPlugin.zip' file: '/opt/teamcity/webapps/ROOT/WEB-INF/plugins/ant/agent/antPlugin.zip', hash: 'SHA-1VeBzz84Bx5ra+GO9rzSHafSbsSs='; new plugin 'clearcase-agent.zip' file: '/opt/teamcity/webapps/ROOT/WEB-INF/plugins/.unpacked/clearcase/agent/clearcase-agent.zip', hash: 'SHA-1+BT5LqlqWYbwNm4PiYNvWJ8BafA='; new plugin 'cloud-vmware-agent.zip' file: '/opt/teamcity/webapps/ROOT/WEB-INF/plugins/.unpacked/cloud-vmware/agent/cloud-vmware-agent.zip', hash: 'SHA-1dEk0qLhYuYGnpvqYVvWcM7FFnGQ='; new plugin 'commandLineRunner.jar' file: '/opt/teamcity/webapps/ROOT/WEB-INF/plugins/commandLineRunner/agent/commandLineRunner.jar', hash: 'SHA-16Q/jn99UJHjW9fGeL790Eb/KBQs='; new plugin 'coveragePlugin.zip' file: '/opt/teamcity/webapps/ROOT/WEB-INF/plugins/coverage/agent/coveragePlugin.zip', hash: 'SHA-1PK1hJiz38Ediq4FrUO4ngOvePCQ='; new plugin 'crashDetector.zip' file: '/opt/teamcity/webapps/ROOT/WEB-INF/plugins/crash-detector/agent/crashDetector.zip', hash: 'SHA-1rZ7Q4aDdUqTTjtmH69jsQwxG0KI='; new plugin 'cvsAgent.zip' file: '/opt/teamcity/webapps/ROOT/WEB-INF/plugins/cvs/agent/cvsAgent.zip', hash: 'SHA-1gH9/PRcvvUKB+N7+sv86ElzX1f0='; new plugin 'deploy-runner-agent.zip' file: '/opt/teamcity/webapps/ROOT/WEB-INF/plugins/.unpacked/deploy-runner/agent/deploy-runner-agent.zip', hash: 'SHA-1UqBbHpzj8KMahc2XbPrCXl8Mciw='; new plugin 'docker-support.zip' file: '/opt/teamcity/webapps/ROOT/WEB-INF/plugins/.unpacked/docker-support/agent/docker-support.zip', hash: 'SHA-1RJmYzU7yzKrxuzIXfVi/+N0CtiU='; new plugin 'dotNetPlugin.zip' file: '/opt/teamcity/webapps/ROOT/WEB-INF/plugins/dotNetRunners/agent/dotNetPlugin.zip', hash: 'SHA-1wirfRsP1my9crGNqUNt1ERW6XCU='; new plugin 'dotNetRunners.zip' file: '/opt/teamcity/webapps/ROOT/WEB-INF/plugins/dotNetRunners/agent/dotNetRunners.zip', hash: 'SHA-1OGoIrPrDIqwI9cdOaCUoxcAyzLc='; new plugin 'dotnet-tools-agent.zip' file: '/opt/teamcity/webapps/ROOT/WEB-INF/plugins/.unpacked/dotnet-tools/agent/dotnet-tools-agent.zip', hash: 'SHA-1aw6hwPb+YrzZ3KZo8HN7I3vKZKg='; new plugin 'dotnet.cli.zip' file: '/opt/teamcity/webapps/ROOT/WEB-INF/plugins/.unpacked/dotnet.cli/agent/dotnet.cli.zip', hash: 'SHA-1uN1I7iCAz8iTH3z9m7zoDj+QQxQ='; new plugin 'duplicatePlugin.zip' file: '/opt/teamcity/webapps/ROOT/WEB-INF/plugins/Duplicator/agent/duplicatePlugin.zip', hash: 'SHA-1Dzd/6uqv9I0H4MogiCsq0Uqnq7A='; new plugin 'environment-fetcher-agent.jar' file: '/opt/teamcity/webapps/ROOT/WEB-INF/plugins/environment-fetcher/agent/environment-fetcher-agent.jar', hash: 'SHA-1s1s6q8dAA57ucDAje0pCKzt+DWc='; new plugin 'file-content-replacer.zip' file: '/opt/teamcity/webapps/ROOT/WEB-INF/plugins/file-content-replacer/agent/file-content-replacer.zip', hash: 'SHA-1LWEBDHIeweiaGb0vEysuKWWUuls='; new plugin 'fxcop.zip' file: '/opt/teamcity/webapps/ROOT/WEB-INF/plugins/.unpacked/fxcop/agent/fxcop.zip', hash: 'SHA-1fDzc+e+Z04BhEr6EnZsPg1SY8GM='; new plugin 'gant.zip' file: '/opt/teamcity/webapps/ROOT/WEB-INF/plugins/gant-tool/agent/gant.zip', hash: 'SHA-14GAJk6fJbFQZ7OyYrv05E5xXXdg='; new plugin 'gantPlugin.zip' file: '/opt/teamcity/webapps/ROOT/WEB-INF/plugins/gantRunner/agent/gantPlugin.zip', hash: 'SHA-1yxtoBikvuj7fMaVuHqAvY5KrudI='; new plugin 'gradle-runner.zip' file: '/opt/teamcity/webapps/ROOT/WEB-INF/plugins/gradle/agent/gradle-runner.zip', hash: 'SHA-1mv2X1WWc5GCOhP3Isp7npXpAQt0='; new plugin 'idea-runner.zip' file: '/opt/teamcity/webapps/ROOT/WEB-INF/plugins/ipr-runner/agent/idea-runner.zip', hash: 'SHA-1B5UKEQY77WbQK3zxKVvzg542Zdw='; new plugin 'idea.zip' file: '/opt/teamcity/webapps/ROOT/WEB-INF/plugins/idea-tool/bundled/idea.zip', hash: 'SHA-12voIGQKp7K0XUYBQhxKBr/BgvT4='; new plugin 'inspectionPlugin.zip' file: '/opt/teamcity/webapps/ROOT/WEB-INF/plugins/server-side-inspections/agent/inspectionPlugin.zip', hash: 'SHA-1U5Ekndfl+RFsr66GuaOhNYhlsEc='; new plugin 'jacoco.zip' file: '/opt/teamcity/webapps/ROOT/WEB-INF/plugins/coverage/agent/jacoco.zip', hash: 'SHA-1qRl9FF4FG3WF9Y/CjUNB4dxn9zA='; new plugin 'java-dowser.zip' file: '/opt/teamcity/webapps/ROOT/WEB-INF/plugins/java-dowser/agent/java-dowser.zip', hash: 'SHA-1UyWozoZOPQ7cEWJjYdO+h0Xv+Kg='; new plugin 'jetbrains.git.zip' file: '/opt/teamcity/webapps/ROOT/WEB-INF/plugins/.unpacked/jetbrains.git/agent/jetbrains.git.zip', hash: 'SHA-171lZgIdVGYWX5ltwWHbdHUXLL8s='; new plugin 'jetbrains.resharper-clt.bundled.zip' file: '/opt/teamcity/webapps/ROOT/WEB-INF/plugins/.unpacked/dotnet-tools/server/bundled-tool/jetbrains.resharper-clt.bundled.zip', hash: 'SHA-1EUCfSwXQuiaZD6cyvkBVwJpqAq8='; new plugin 'jps.zip' file: '/opt/teamcity/webapps/ROOT/WEB-INF/plugins/jps-tool/agent/jps.zip', hash: 'SHA-1zluh0pa//oS2euGbVpSKhDoPK+g='; new plugin 'junitPlugin.zip' file: '/opt/teamcity/webapps/ROOT/WEB-INF/plugins/ant/agent/junitPlugin.zip', hash: 'SHA-15jm/fKpo+yzBAomSSwoDehtW2H0='; new plugin 'jvm-update.zip' file: '/opt/teamcity/webapps/ROOT/WEB-INF/plugins/jvm-update/agent/jvm-update.zip', hash: 'SHA-1M3ByUgPsUUQXX0xe2JFh20Gh9FU='; new plugin 'maven.zip' file: '/opt/teamcity/webapps/ROOT/WEB-INF/plugins/Maven2/bundled-tools/maven.zip', hash: 'SHA-1bsFD4rdvOgqppsEfM6PlT0ONPEg='; new plugin 'maven3.zip' file: '/opt/teamcity/webapps/ROOT/WEB-INF/plugins/Maven2/bundled-tools/maven3.zip', hash: 'SHA-1d2VQ+bJGmncvSv94qraOCFCXUyc='; new plugin 'maven3_1.zip' file: '/opt/teamcity/webapps/ROOT/WEB-INF/plugins/Maven2/bundled-tools/maven3_1.zip', hash: 'SHA-1lRC0/MZc2McXrZq+hYOVAabPYlo='; new plugin 'maven3_2.zip' file: '/opt/teamcity/webapps/ROOT/WEB-INF/plugins/Maven2/bundled-tools/maven3_2.zip', hash: 'SHA-1FroRnLOt9yX+68IcopSTYV1/+uY='; new plugin 'maven3_3.zip' file: '/opt/teamcity/webapps/ROOT/WEB-INF/plugins/Maven2/bundled-tools/maven3_3.zip', hash: 'SHA-1ZCxb2+P8mLtS9vYJHAmj4S4N9Xc='; new plugin 'mavenPlugin.zip' file: '/opt/teamcity/webapps/ROOT/WEB-INF/plugins/Maven2/agent/mavenPlugin.zip', hash: 'SHA-1sTElWUL6Y03XXOIDG2PwqanSfW4='; new plugin 'mercurial.zip' file: '/opt/teamcity/webapps/ROOT/WEB-INF/plugins/.unpacked/mercurial/agent/mercurial.zip', hash: 'SHA-1UQKGshEnHS53VURBvM00XNk3+ak='; new plugin 'meta-runner.zip' file: '/opt/teamcity/webapps/ROOT/WEB-INF/plugins/meta-runner/agent/meta-runner.zip', hash: 'SHA-13jctEh7jlFM92ristkt/Pd7Yngo='; new plugin 'nuget-agent.zip' file: '/opt/teamcity/webapps/ROOT/WEB-INF/plugins/.unpacked/dotNetPackagesSupport/agent/nuget-agent.zip', hash: 'SHA-106v+zCvGli9eFKchMWV+ibsgCOo='; new plugin 'perfmon-agent.zip' file: '/opt/teamcity/webapps/ROOT/WEB-INF/plugins/.unpacked/perfmon/agent/perfmon-agent.zip', hash: 'SHA-1xDjZ9Wz0T9BiGp9jRyoCuqx/dFk='; new plugin 'perforce-agent.zip' file: '/opt/teamcity/webapps/ROOT/WEB-INF/plugins/perforce/agent/perforce-agent.zip', hash: 'SHA-15TjR/HbydYVnGiL7eaHU65clkwM='; new plugin 'powershell-agent.zip' file: '/opt/teamcity/webapps/ROOT/WEB-INF/plugins/.unpacked/powershell/agent/powershell-agent.zip', hash: 'SHA-1L4clrqlAMqGSLeU+lZ9/e2YKh+E='; new plugin 'rake-runner.zip' file: '/opt/teamcity/webapps/ROOT/WEB-INF/plugins/.unpacked/rake-runner/agent/rake-runner.zip', hash: 'SHA-1n0rQWx73SCaCaYCa3aI60Y43LDY='; new plugin 'remoteAccess.zip' file: '/opt/teamcity/webapps/ROOT/WEB-INF/plugins/remoteAccess/agent/remoteAccess.zip', hash: 'SHA-1NXcVseMYx2arUmjLszWz5wgLFWk='; new plugin 'sbt-runner-agent.zip' file: '/opt/teamcity/webapps/ROOT/WEB-INF/plugins/.unpacked/sbt-runner/agent/sbt-runner-agent.zip', hash: 'SHA-16jmZcLjB3y8qBq7inU2gdXe84DI='; new plugin 'ssh-manager.jar' file: '/opt/teamcity/webapps/ROOT/WEB-INF/plugins/ssh-manager/agent/ssh-manager.jar', hash: 'SHA-1hHqr3F+YAkyub94ewCIFKRvVWwQ='; new plugin 'stacktracesPlugin.zip' file: '/opt/teamcity/webapps/ROOT/WEB-INF/plugins/stacktraces/agent/stacktracesPlugin.zip', hash: 'SHA-1bDI10lQVFzBsk7m71da/wgHAVtI='; new plugin 'svnAgent.zip' file: '/opt/teamcity/webapps/ROOT/WEB-INF/plugins/svn/agent/svnAgent.zip', hash: 'SHA-1uNoyGxhRygiz0INsHNI9WcwfFW4='; new plugin 'swabra.zip' file: '/opt/teamcity/webapps/ROOT/WEB-INF/plugins/.unpacked/swabra/agent/swabra.zip', hash: 'SHA-1J66Jg0xvlqzhS50Q2qfqEhDyp3I='; new plugin 'testNGPlugin.zip' file: '/opt/teamcity/webapps/ROOT/WEB-INF/plugins/ant/agent/testNGPlugin.zip', hash: 'SHA-10EmvlQ52F0IFvQr8GeHSa811Vk8='; new plugin 'tfs-agent.zip' file: '/opt/teamcity/webapps/ROOT/WEB-INF/plugins/tfs/agent/tfs-agent.zip', hash: 'SHA-1PpQ0bebl0fMhMXiOQLT6yPnBSHI='; new plugin 'visualstudiotest-agent.zip' file: '/opt/teamcity/webapps/ROOT/WEB-INF/plugins/visualstudiotest/agent/visualstudiotest-agent.zip', hash: 'SHA-1jlwBwsSyG41aA0trp+z0UXxl0eA='; new plugin 'xcode-runner.zip' file: '/opt/teamcity/webapps/ROOT/WEB-INF/plugins/.unpacked/xcode-runner/agent/xcode-runner.zip', hash: 'SHA-1/fWEWd3aZHpFNtxthoJgRuH3wEg='; new plugin 'xml-report-plugin.zip' file: '/opt/teamcity/webapps/ROOT/WEB-INF/plugins/.unpacked/xml-report-plugin/agent/xml-report-plugin.zip', hash: 'SHA-14EPdpYz9stAi0JYkQf2rf3VN7/A=' 
[2018-11-13 09:59:25,891]   INFO -    jetbrains.buildServer.AGENT - Did not find agent by its authorization token '' and will search by name, agent details: "regular_agent" {id=0}. 
[2018-11-13 09:59:25,899]   INFO -    jetbrains.buildServer.AGENT - Did not find agent by name, agent details: "regular_agent" {id=0} 
[2018-11-13 09:59:25,951]   INFO -    jetbrains.buildServer.AGENT - New agent authorization token "f7f88531db567ee15ef4bbe16504ad18" was generated for agent "regular_agent" {id=1} 
[2018-11-13 09:59:26,034]   INFO -    jetbrains.buildServer.AGENT - Upgrade of agent "regular_agent" {id=1} has been scheduled, agent version: 51228, plugins signature: NA. Current version: 51228, plugins signature: 51228-md5-a66d735a6cb3b26c97c03e31a3479405 
[2018-11-13 09:59:26,140]   INFO -    jetbrains.buildServer.AGENT - Agent has been registered: "regular_agent" {id=1, protocol=unidirectional, host=172.19.0.2:9090, agentTypeId=1, pool=Default, registered since 2018-11-13 09:59:25.891}, not running a build 
[2018-11-13 09:59:26,169]   INFO - ldServer.AGENT.PollingProtocol - Polling Agent session 'LfDpl5O...' was created, agent: "regular_agent" {id=1} 
[2018-11-13 09:59:26,827]   WARN -    jetbrains.buildServer.AGENT - Agent "regular_agent" {id=1} is unauthorized on registration 
[2018-11-13 09:59:27,324]   INFO -    jetbrains.buildServer.AGENT - Agent "regular_agent" {id=1} has confirmed upgrade. 
[2018-11-13 09:59:28,029]   INFO - ldServer.AGENT.PollingProtocol - Polling Agent session 'LfDpl5O...' was closed, agent: "regular_agent" {id=1} 
[2018-11-13 09:59:28,037]   INFO -    jetbrains.buildServer.AGENT - Agent "regular_agent" {id=1} has been unregistered. Reason: Agent has unregistered (will upgrade) 
[2018-11-13 09:59:39,108]   INFO - tbrains.buildServer.ACTIVITIES - New user created: 'admin' {id=1} 
[2018-11-13 10:00:20,111]   WARN -   jetbrains.buildServer.SERVER - Requested resource not found for "/webComponents/teamcity-elements/web-animations-next-lite.min.js.map", request GET '/res/webComponents/teamcity-elements/web-animations-next-lite.min.js.map', from client 172.19.0.1:55008, authenticated as 'admin' {id=1} 
[2018-11-13 10:00:24,177]   INFO -   jetbrains.buildServer.SERVER - Thread dump automatically saved to file "/opt/teamcity/logs/threadDumps-2018-11-13/2018-11-13_10.00.24-longRequest-1.txt" with summary: Request processing time (40000 ms) exceeded for the following thread 
[2018-11-13 10:00:44,999]   WARN -   jetbrains.buildServer.SERVER - Requested resource not found for "/webComponents/teamcity-elements/web-animations-next-lite.min.js.map", request GET '/res/webComponents/teamcity-elements/web-animations-next-lite.min.js.map', from client 172.19.0.1:55008, authenticated as 'admin' {id=1} 
[2018-11-13 10:00:50,969]   WARN -   jetbrains.buildServer.SERVER - Requested resource not found for "/webComponents/teamcity-elements/web-animations-next-lite.min.js.map", request GET '/res/webComponents/teamcity-elements/web-animations-next-lite.min.js.map', from client 172.19.0.1:55008, authenticated as 'admin' {id=1} 
[2018-11-13 10:01:31,288]   INFO -    jetbrains.buildServer.AGENT - Agent has been registered: "regular_agent" {id=1, protocol=unidirectional, host=172.19.0.2:9090, agentTypeId=1, pool=Default, registered since 2018-11-13 10:01:30.181}, not running a build 
[2018-11-13 10:01:31,303]   INFO - ldServer.AGENT.PollingProtocol - Polling Agent session 'lm9vdVa...' was created, agent: "regular_agent" {id=1} 
[2018-11-13 10:01:31,682]   WARN -    jetbrains.buildServer.AGENT - Agent "regular_agent" {id=1} is unauthorized on registration 
[2018-11-13 10:01:33,745]   WARN -   jetbrains.buildServer.SERVER - Requested resource not found for "/webComponents/teamcity-elements/web-animations-next-lite.min.js.map", request GET '/res/webComponents/teamcity-elements/web-animations-next-lite.min.js.map', from client 172.19.0.1:54992, authenticated as 'admin' {id=1} 
[2018-11-13 10:01:58,736]   INFO -   jetbrains.buildServer.SERVER - JSP pre-compilation finished, pre-compiled 260 files in 241500ms 
[2018-11-13 10:01:59,309]   INFO - r.configs.dsl.DslPluginManager - Plugins dsl compiled in 193497ms 
[2018-11-13 10:02:52,917]   WARN -   jetbrains.buildServer.SERVER - Requested resource not found for "/webComponents/teamcity-elements/web-animations-next-lite.min.js.map", request GET '/res/webComponents/teamcity-elements/web-animations-next-lite.min.js.map', from client 172.19.0.1:55038, authenticated as 'admin' {id=1} 
[2018-11-13 10:02:57,270]   INFO - r.configs.dsl.DslPluginManager - DSL documentation (http://localhost:8112/app/dsl-documentation/index.html) generated in 57857ms 
[2018-11-13 10:03:04,358]   WARN -   jetbrains.buildServer.SERVER - Requested resource not found for "/webComponents/teamcity-elements/web-animations-next-lite.min.js.map", request GET '/res/webComponents/teamcity-elements/web-animations-next-lite.min.js.map', from client 172.19.0.1:55038, authenticated as 'admin' {id=1} 
[2018-11-13 10:03:10,356]   WARN -   jetbrains.buildServer.SERVER - Requested resource not found for "/webComponents/teamcity-elements/web-animations-next-lite.min.js.map", request GET '/res/webComponents/teamcity-elements/web-animations-next-lite.min.js.map', from client 172.19.0.1:55042, authenticated as 'admin' {id=1} 
[2018-11-13 10:03:34,859]   WARN -   jetbrains.buildServer.SERVER - Requested resource not found for "/webComponents/teamcity-elements/web-animations-next-lite.min.js.map", request GET '/res/webComponents/teamcity-elements/web-animations-next-lite.min.js.map', from client 172.19.0.1:55046, authenticated as 'admin' {id=1} 
[2018-11-13 10:03:37,000]   WARN -   jetbrains.buildServer.SERVER - Requested resource not found for "/webComponents/teamcity-elements/web-animations-next-lite.min.js.map", request GET '/res/webComponents/teamcity-elements/web-animations-next-lite.min.js.map', from client 172.19.0.1:55042, authenticated as 'admin' {id=1} 
[2018-11-13 10:03:40,817]   WARN -   jetbrains.buildServer.SERVER - Requested resource not found for "/webComponents/teamcity-elements/web-animations-next-lite.min.js.map", request GET '/res/webComponents/teamcity-elements/web-animations-next-lite.min.js.map', from client 172.19.0.1:55054, authenticated as 'admin' {id=1} 
[2018-11-13 10:03:46,123]   INFO - s.buildServer.ACTIVITIES.AUDIT - agent_authorize: Agent ""regular_agent" {id=1}" was authorized by "'admin' {id=1}" 
[2018-11-13 10:03:48,475]   WARN -   jetbrains.buildServer.SERVER - Requested resource not found for "/webComponents/teamcity-elements/web-animations-next-lite.min.js.map", request GET '/res/webComponents/teamcity-elements/web-animations-next-lite.min.js.map', from client 172.19.0.1:55046, authenticated as 'admin' {id=1} 
[2018-11-13 10:03:51,823]   WARN -   jetbrains.buildServer.SERVER - Requested resource not found for "/webComponents/teamcity-elements/web-animations-next-lite.min.js.map", request GET '/res/webComponents/teamcity-elements/web-animations-next-lite.min.js.map', from client 172.19.0.1:55054, authenticated as 'admin' {id=1} 
[2018-11-13 10:04:05,081]   INFO -   jetbrains.buildServer.UPDATE - New TeamCity version is available: 2018.1.3 (build 58658). Auto update is not possible 
[2018-11-13 10:04:06,264]   WARN -   jetbrains.buildServer.SERVER - Requested resource not found for "/webComponents/teamcity-elements/web-animations-next-lite.min.js.map", request GET '/res/webComponents/teamcity-elements/web-animations-next-lite.min.js.map', from client 172.19.0.1:55054, authenticated as 'admin' {id=1} 
[2018-11-13 10:06:15,670]   WARN -   jetbrains.buildServer.SERVER - Requested resource not found for "/webComponents/teamcity-elements/web-animations-next-lite.min.js.map", request GET '/res/webComponents/teamcity-elements/web-animations-next-lite.min.js.map', from client 172.19.0.1:55082, authenticated as 'admin' {id=1} 
[2018-11-13 10:06:34,190]   INFO - s.buildServer.ACTIVITIES.AUDIT - project_create: Project "Flowaccount.Reporting {internalId=project1, externalId=FlowaccountReporting}" was created by "'admin' {id=1}" 
[2018-11-13 10:06:34,242]   INFO - s.buildServer.ACTIVITIES.AUDIT - vcs_root_create: VCS root ""https://pongpanot@bitbucket.org/flowaccount/flowaccount.reporting.git#refs/heads/master" {internal id=1, id=FlowaccountReporting_HttpsPongpanotBitbucketOrgFlowaccountFlowaccountReportingGi, description: "https://pongpanot@bitbucket.org/flowaccount/flowaccount.reporting.git#refs/heads/master"}" was created by "'admin' {id=1}" with comment "In project: Flowaccount.Reporting" 
[2018-11-13 10:06:34,598]   INFO - s.buildServer.ACTIVITIES.AUDIT - build_type_create: "Flowaccount.Reporting :: Build {id=FlowaccountReporting_Build, internal id=bt1}" was created by "'admin' {id=1}" 
[2018-11-13 10:06:37,375]   WARN -   jetbrains.buildServer.SERVER - Requested resource not found for "/webComponents/teamcity-elements/web-animations-next-lite.min.js.map", request GET '/res/webComponents/teamcity-elements/web-animations-next-lite.min.js.map', from client 172.19.0.1:55096, authenticated as 'admin' {id=1} 
[2018-11-13 10:06:52,050]   WARN -   jetbrains.buildServer.SERVER - Requested resource not found for "/webComponents/teamcity-elements/web-animations-next-lite.min.js.map", request GET '/res/webComponents/teamcity-elements/web-animations-next-lite.min.js.map', from client 172.19.0.1:55082, authenticated as 'admin' {id=1} 
[2018-11-13 10:07:47,250]   WARN -   jetbrains.buildServer.SERVER - Requested resource not found for "/webComponents/teamcity-elements/web-animations-next-lite.min.js.map", request GET '/res/webComponents/teamcity-elements/web-animations-next-lite.min.js.map', from client 172.19.0.1:55090, authenticated as 'admin' {id=1} 
[2018-11-13 10:07:55,840]   WARN -   jetbrains.buildServer.SERVER - Requested resource not found for "/webComponents/teamcity-elements/web-animations-next-lite.min.js.map", request GET '/res/webComponents/teamcity-elements/web-animations-next-lite.min.js.map', from client 172.19.0.1:55096, authenticated as 'admin' {id=1} 
[2018-11-13 10:08:12,283]   INFO -   jetbrains.buildServer.SERVER - Running test connection for "jetbrains.git" {instance id=2, parent internal id=-1, parent id=dummy_jetbrains.git, description: "https://pongpanot@bitbucket.org/flowaccount/flowaccount.reporting.git#refs/heads/master"} 
[2018-11-13 10:08:17,629]   INFO - s.buildServer.ACTIVITIES.AUDIT - vcs_root_edit_settings: ""https://pongpanot@bitbucket.org/flowaccount/flowaccount.reporting.git#refs/heads/jv-report" {internal id=1, id=FlowaccountReporting_HttpsPongpanotBitbucketOrgFlowaccountFlowaccountReportingGi, description: "https://pongpanot@bitbucket.org/flowaccount/flowaccount.reporting.git#refs/heads/master"}" VCS root settings were edited ("version before: 1, version after: 2") by "'admin' {id=1}" with comment "'https://pongpanot@bitbucket.org/flowaccount/flowaccount.reporting.git#refs/heads/master' VCS root was updated" 
[2018-11-13 10:08:17,850]   WARN -   jetbrains.buildServer.SERVER - Requested resource not found for "/webComponents/teamcity-elements/web-animations-next-lite.min.js.map", request GET '/res/webComponents/teamcity-elements/web-animations-next-lite.min.js.map', from client 172.19.0.1:55090, authenticated as 'admin' {id=1} 
[2018-11-13 10:08:22,355]   WARN -   jetbrains.buildServer.SERVER - Requested resource not found for "/webComponents/teamcity-elements/web-animations-next-lite.min.js.map", request GET '/res/webComponents/teamcity-elements/web-animations-next-lite.min.js.map', from client 172.19.0.1:55094, authenticated as 'admin' {id=1} 
[2018-11-13 10:08:25,787]   WARN -   jetbrains.buildServer.SERVER - Requested resource not found for "/webComponents/teamcity-elements/web-animations-next-lite.min.js.map", request GET '/res/webComponents/teamcity-elements/web-animations-next-lite.min.js.map', from client 172.19.0.1:55094, authenticated as 'admin' {id=1} 
[2018-11-13 10:08:58,962]   WARN -   jetbrains.buildServer.SERVER - Requested resource not found for "/webComponents/teamcity-elements/web-animations-next-lite.min.js.map", request GET '/res/webComponents/teamcity-elements/web-animations-next-lite.min.js.map', from client 172.19.0.1:55094, authenticated as 'admin' {id=1} 
[2018-11-13 10:09:03,387]   WARN -   jetbrains.buildServer.SERVER - Requested resource not found for "/webComponents/teamcity-elements/web-animations-next-lite.min.js.map", request GET '/res/webComponents/teamcity-elements/web-animations-next-lite.min.js.map', from client 172.19.0.1:55090, authenticated as 'admin' {id=1} 
[2018-11-13 10:09:36,602]   WARN -   jetbrains.buildServer.SERVER - Requested resource not found for "/webComponents/teamcity-elements/web-animations-next-lite.min.js.map", request GET '/res/webComponents/teamcity-elements/web-animations-next-lite.min.js.map', from client 172.19.0.1:55090, authenticated as 'admin' {id=1} 
[2018-11-13 10:09:47,888]   WARN -   jetbrains.buildServer.SERVER - Requested resource not found for "/webComponents/teamcity-elements/web-animations-next-lite.min.js.map", request GET '/res/webComponents/teamcity-elements/web-animations-next-lite.min.js.map', from client 172.19.0.1:55090, authenticated as 'admin' {id=1} 
[2018-11-13 10:10:03,546]   WARN -   jetbrains.buildServer.SERVER - Requested resource not found for "/webComponents/teamcity-elements/web-animations-next-lite.min.js.map", request GET '/res/webComponents/teamcity-elements/web-animations-next-lite.min.js.map', from client 172.19.0.1:55090, authenticated as 'admin' {id=1} 
[2018-11-13 10:10:07,452]   WARN -   jetbrains.buildServer.SERVER - Requested resource not found for "/webComponents/teamcity-elements/web-animations-next-lite.min.js.map", request GET '/res/webComponents/teamcity-elements/web-animations-next-lite.min.js.map', from client 172.19.0.1:55160, authenticated as 'admin' {id=1} 
[2018-11-13 10:10:10,044]   WARN -   jetbrains.buildServer.SERVER - Requested resource not found for "/webComponents/teamcity-elements/web-animations-next-lite.min.js.map", request GET '/res/webComponents/teamcity-elements/web-animations-next-lite.min.js.map', from client 172.19.0.1:55090, authenticated as 'admin' {id=1} 
[2018-11-13 10:10:41,561]   WARN -   jetbrains.buildServer.SERVER - Requested resource not found for "/webComponents/teamcity-elements/web-animations-next-lite.min.js.map", request GET '/res/webComponents/teamcity-elements/web-animations-next-lite.min.js.map', from client 172.19.0.1:55090, authenticated as 'admin' {id=1} 
[2018-11-13 10:10:55,474]   WARN -   jetbrains.buildServer.SERVER - Requested resource not found for "/webComponents/teamcity-elements/web-animations-next-lite.min.js.map", request GET '/res/webComponents/teamcity-elements/web-animations-next-lite.min.js.map', from client 172.19.0.1:55160, authenticated as 'admin' {id=1} 
[2018-11-13 10:10:58,612]   WARN -   jetbrains.buildServer.SERVER - Requested resource not found for "/webComponents/teamcity-elements/web-animations-next-lite.min.js.map", request GET '/res/webComponents/teamcity-elements/web-animations-next-lite.min.js.map', from client 172.19.0.1:55180, authenticated as 'admin' {id=1} 
[2018-11-13 10:11:03,172]   WARN -   jetbrains.buildServer.SERVER - Requested resource not found for "/webComponents/teamcity-elements/web-animations-next-lite.min.js.map", request GET '/res/webComponents/teamcity-elements/web-animations-next-lite.min.js.map', from client 172.19.0.1:55094, authenticated as 'admin' {id=1} 
[2018-11-13 10:11:17,527]   WARN -   jetbrains.buildServer.SERVER - Requested resource not found for "/webComponents/teamcity-elements/web-animations-next-lite.min.js.map", request GET '/res/webComponents/teamcity-elements/web-animations-next-lite.min.js.map', from client 172.19.0.1:55178, authenticated as 'admin' {id=1} 
[2018-11-13 10:12:14,674]   WARN -   jetbrains.buildServer.SERVER - Requested resource not found for "/webComponents/teamcity-elements/web-animations-next-lite.min.js.map", request GET '/res/webComponents/teamcity-elements/web-animations-next-lite.min.js.map', from client 172.19.0.1:55094, authenticated as 'admin' {id=1} 
[2018-11-13 10:12:19,091]   WARN -   jetbrains.buildServer.SERVER - Requested resource not found for "/webComponents/teamcity-elements/web-animations-next-lite.min.js.map", request GET '/res/webComponents/teamcity-elements/web-animations-next-lite.min.js.map', from client 172.19.0.1:55194, authenticated as 'admin' {id=1} 
[2018-11-13 10:12:24,122]   WARN -   jetbrains.buildServer.SERVER - Requested resource not found for "/webComponents/teamcity-elements/web-animations-next-lite.min.js.map", request GET '/res/webComponents/teamcity-elements/web-animations-next-lite.min.js.map', from client 172.19.0.1:55178, authenticated as 'admin' {id=1} 
[2018-11-13 10:13:08,928]   WARN -   jetbrains.buildServer.SERVER - Requested resource not found for "/webComponents/teamcity-elements/web-animations-next-lite.min.js.map", request GET '/res/webComponents/teamcity-elements/web-animations-next-lite.min.js.map', from client 172.19.0.1:55178, authenticated as 'admin' {id=1} 
[2018-11-13 10:13:18,036]   WARN -   jetbrains.buildServer.SERVER - Requested resource not found for "/webComponents/teamcity-elements/web-animations-next-lite.min.js.map", request GET '/res/webComponents/teamcity-elements/web-animations-next-lite.min.js.map', from client 172.19.0.1:55194, authenticated as 'admin' {id=1} 
[2018-11-13 10:13:25,339]   WARN -   jetbrains.buildServer.SERVER - Requested resource not found for "/webComponents/teamcity-elements/web-animations-next-lite.min.js.map", request GET '/res/webComponents/teamcity-elements/web-animations-next-lite.min.js.map', from client 172.19.0.1:55194, authenticated as 'admin' {id=1} 
[2018-11-13 10:13:40,620]   INFO - s.buildServer.ACTIVITIES.AUDIT - project_remove: Project "Flowaccount.Reporting" was removed by "'admin' {id=1}" 
[2018-11-13 10:13:41,190]   WARN -   jetbrains.buildServer.SERVER - Requested resource not found for "/webComponents/teamcity-elements/web-animations-next-lite.min.js.map", request GET '/res/webComponents/teamcity-elements/web-animations-next-lite.min.js.map', from client 172.19.0.1:55178, authenticated as 'admin' {id=1} 
[2018-11-13 10:13:44,258]   WARN -   jetbrains.buildServer.SERVER - Requested resource not found for "/webComponents/teamcity-elements/web-animations-next-lite.min.js.map", request GET '/res/webComponents/teamcity-elements/web-animations-next-lite.min.js.map', from client 172.19.0.1:55194, authenticated as 'admin' {id=1} 
[2018-11-13 10:13:49,487]   WARN -   jetbrains.buildServer.SERVER - Requested resource not found for "/webComponents/teamcity-elements/web-animations-next-lite.min.js.map", request GET '/res/webComponents/teamcity-elements/web-animations-next-lite.min.js.map', from client 172.19.0.1:55178, authenticated as 'admin' {id=1} 
[2018-11-13 10:14:14,543]   WARN -   jetbrains.buildServer.SERVER - Requested resource not found for "/webComponents/teamcity-elements/web-animations-next-lite.min.js.map", request GET '/res/webComponents/teamcity-elements/web-animations-next-lite.min.js.map', from client 172.19.0.1:55178, authenticated as 'admin' {id=1} 
[2018-11-13 10:14:18,414]   WARN -   jetbrains.buildServer.SERVER - Requested resource not found for "/webComponents/teamcity-elements/web-animations-next-lite.min.js.map", request GET '/res/webComponents/teamcity-elements/web-animations-next-lite.min.js.map', from client 172.19.0.1:55178, authenticated as 'admin' {id=1} 
[2018-11-13 10:18:18,763]   INFO -  jetbrains.buildServer.STARTUP - Server shutdown event received 
[2018-11-13 10:18:18,763]   INFO -  jetbrains.buildServer.STARTUP - Current stage: TeamCity server is shutting down 
[2018-11-13 10:18:18,764]   INFO -  jetbrains.buildServer.STARTUP - Stopping the main application 
[2018-11-13 10:18:18,864]   INFO -  jetbrains.buildServer.STARTUP - Destroying the main servlet 
[2018-11-13 10:18:18,865]   INFO - MainTeamCityApplicationContext - Closing WebApplicationContext for namespace 'buildServer-servlet': startup date [Tue Nov 13 09:57:33 UTC 2018]; parent: jetbrains.buildServer.maintenance.WebDispatcherApplicationContext@102d0ed1 
[2018-11-13 10:18:18,871]   INFO - til.ChildSpringContextLoader$1 - Closing jetbrains.buildServer.util.ChildSpringContextLoader$1@1ed0f67a: startup date [Tue Nov 13 09:57:53 UTC 2018]; parent: WebApplicationContext for namespace 'buildServer-servlet' 
[2018-11-13 10:18:18,993]   INFO - tbrains.buildServer.ACTIVITIES - Shutdown Spring components 
[2018-11-13 10:18:18,995]   INFO -   jetbrains.buildServer.SERVER - Start shutdown of the thread "Ping 1" 
[2018-11-13 10:18:18,995]   INFO -   jetbrains.buildServer.SERVER - Start shutdown of the thread "Flush Queue 1" 
[2018-11-13 10:18:18,995]   INFO -   jetbrains.buildServer.SERVER - Start shutdown of the thread "Vcs Monitor 1" 
[2018-11-13 10:18:18,995]   INFO -   jetbrains.buildServer.SERVER - Start shutdown of the thread "Build Triggers Monitor 1" 
[2018-11-13 10:18:19,083]   INFO -   jetbrains.buildServer.SERVER - Saving projects credentials on disk ... 
[2018-11-13 10:18:19,084]   INFO -   jetbrains.buildServer.SERVER - Saving projects credentials on disk finished 
[2018-11-13 10:18:19,084]   INFO - ojects.BackgroundPersisterImpl - Shutdown background persister 
[2018-11-13 10:18:19,085]   INFO - ojects.BackgroundPersisterImpl - Background persister shutdown complete 
[2018-11-13 10:18:19,090]   INFO - Server.serverSide.TmpFilesImpl - Delete temp files on server shutdown 
[2018-11-13 10:18:19,526]   INFO - Server.serverSide.TmpFilesImpl - Temp files were deleted in 436ms 
[2018-11-13 10:18:19,526]   INFO - .index.BuildIndexer (metadata) - Background build indexer finished 
[2018-11-13 10:18:19,861]   INFO -   jetbrains.buildServer.SERVER - Finishing pending agents long-polling requests 
[2018-11-13 10:18:24,996]   INFO - ld.index.BuildIndexer (search) - Background build indexer finished 
[2018-11-13 10:18:25,282]   INFO - rShutdownProcessTerminatorImpl - Start killing all child processes. To disable it set 'teamcity.kill.child.processes.on.shutdown' JVM property to 'false' 
[2018-11-13 10:18:25,285]   INFO - rocesses.ProcessTreeTerminator - Using jetbrains.buildServer.processes.ProcessTreeTerminatorLinux 
[2018-11-13 10:18:25,286]   INFO - .ProcessTreeTerminatorImplBase - Will use command 'sh -c echo $$ && ps awwxo pid,ppid,command | tee'. 
[2018-11-13 10:18:25,324]   INFO - .ProcessTreeTerminatorImplBase - Will use command 'sh -c echo $$ && ps awwxo pid,ppid,command | tee'. 
[2018-11-13 10:18:25,344]   INFO - ses.ProcessTreeTerminatorLinux - Second thread id is 114 
[2018-11-13 10:18:25,344]   INFO - ses.ProcessTreeTerminatorLinux - Thread is Process thread model: false 
[2018-11-13 10:18:25,344]   INFO - .ProcessTreeTerminatorImplBase - Collecting processes from the current one, current process PID 114 
[2018-11-13 10:18:25,346]   INFO - .ProcessTreeTerminatorImplBase - No processes to kill 
[2018-11-13 10:18:25,347]   INFO - tbrains.buildServer.ACTIVITIES - Spring components are shut down 
[2018-11-13 10:18:25,348]   INFO -  jetbrains.buildServer.STARTUP - The main servlet destroyed 
[2018-11-13 10:18:25,352]   INFO - ide.db.TeamCityDatabaseManager - Performing shutdown on HSQL database... 
[2018-11-13 10:18:25,962]   INFO - ide.db.TeamCityDatabaseManager - HSQL database shutdown performed successfully. 
[2018-11-13 10:18:25,964]   INFO -  jetbrains.buildServer.STARTUP - Version file lock was released: /opt/teamcity/webapps/ROOT/BUILD_51228 
[2018-11-13 10:18:25,964]   INFO -  jetbrains.buildServer.STARTUP - Server shutdown complete 
